<?xml version="1.0" encoding="UTF-8"?>
<testsuite xmlns:xsi="http://www.w3.org/2001/XMLSchema-instance" xsi:noNamespaceSchemaLocation="https://maven.apache.org/surefire/maven-surefire-plugin/xsd/surefire-test-report-3.0.xsd" version="3.0" name="com.example.CalculatorTest" time="0.114" tests="3" errors="0" skipped="0" failures="0">
  <properties>
    <property name="java.specification.version" value="18"/>
    <property name="sun.cpu.isalist" value="amd64"/>
    <property name="sun.jnu.encoding" value="Cp1252"/>
    <property name="java.class.path" value="D:\JAVA_FSE_LEARNING_PROGRAMING_SOLUTION\WEEK2\J_Unit\CODE\JUnitDemo\target\test-classes;D:\JAVA_FSE_LEARNING_PROGRAMING_SOLUTION\WEEK2\J_Unit\CODE\JUnitDemo\target\classes;C:\Users\sujat\.m2\repository\junit\junit\4.13.2\junit-4.13.2.jar;C:\Users\sujat\.m2\repository\org\hamcrest\hamcrest-core\1.3\hamcrest-core-1.3.jar;"/>
    <property name="java.vm.vendor" value="Oracle Corporation"/>
    <property name="sun.arch.data.model" value="64"/>
    <property name="user.variant" value=""/>
    <property name="java.vendor.url" value="https://java.oracle.com/"/>
    <property name="user.timezone" value="Asia/Calcutta"/>
    <property name="os.name" value="Windows 11"/>
    <property name="java.vm.specification.version" value="18"/>
    <property name="sun.java.launcher" value="SUN_STANDARD"/>
    <property name="user.country" value="US"/>
    <property name="sun.boot.library.path" value="C:\Program Files\Java\jdk-18.0.2.1\bin"/>
    <property name="sun.java.command" value="C:\Users\sujat\AppData\Local\Temp\surefire10622392410557548102\surefirebooter-20250627105720327_3.jar C:\Users\sujat\AppData\Local\Temp\surefire10622392410557548102 2025-06-27T10-57-19_672-jvmRun1 surefire-20250627105720327_1tmp surefire_0-20250627105720327_2tmp"/>
    <property name="jdk.debug" value="release"/>
    <property name="surefire.test.class.path" value="D:\JAVA_FSE_LEARNING_PROGRAMING_SOLUTION\WEEK2\J_Unit\CODE\JUnitDemo\target\test-classes;D:\JAVA_FSE_LEARNING_PROGRAMING_SOLUTION\WEEK2\J_Unit\CODE\JUnitDemo\target\classes;C:\Users\sujat\.m2\repository\junit\junit\4.13.2\junit-4.13.2.jar;C:\Users\sujat\.m2\repository\org\hamcrest\hamcrest-core\1.3\hamcrest-core-1.3.jar;"/>
    <property name="sun.cpu.endian" value="little"/>
    <property name="user.home" value="C:\Users\sujat"/>
    <property name="user.language" value="en"/>
    <property name="java.specification.vendor" value="Oracle Corporation"/>
    <property name="java.version.date" value="2022-08-18"/>
    <property name="java.home" value="C:\Program Files\Java\jdk-18.0.2.1"/>
    <property name="file.separator" value="\"/>
    <property name="basedir" value="D:\JAVA_FSE_LEARNING_PROGRAMING_SOLUTION\WEEK2\J_Unit\CODE\JUnitDemo"/>
    <property name="java.vm.compressedOopsMode" value="Zero based"/>
    <property name="line.separator" value="&#10;"/>
    <property name="java.vm.specification.vendor" value="Oracle Corporation"/>
    <property name="java.specification.name" value="Java Platform API Specification"/>
    <property name="surefire.real.class.path" value="C:\Users\sujat\AppData\Local\Temp\surefire10622392410557548102\surefirebooter-20250627105720327_3.jar"/>
    <property name="user.script" value=""/>
    <property name="sun.management.compiler" value="HotSpot 64-Bit Tiered Compilers"/>
    <property name="java.runtime.version" value="18.0.2.1+1-1"/>
    <property name="user.name" value="sujat"/>
    <property name="path.separator" value=";"/>
    <property name="os.version" value="10.0"/>
    <property name="java.runtime.name" value="Java(TM) SE Runtime Environment"/>
    <property name="file.encoding" value="UTF-8"/>
    <property name="java.vm.name" value="Java HotSpot(TM) 64-Bit Server VM"/>
    <property name="localRepository" value="C:\Users\sujat\.m2\repository"/>
    <property name="java.vendor.url.bug" value="https://bugreport.java.com/bugreport/"/>
    <property name="java.io.tmpdir" value="C:\Users\sujat\AppData\Local\Temp\"/>
    <property name="java.version" value="18.0.2.1"/>
    <property name="user.dir" value="D:\JAVA_FSE_LEARNING_PROGRAMING_SOLUTION\WEEK2\J_Unit\CODE\JUnitDemo"/>
    <property name="os.arch" value="amd64"/>
    <property name="java.vm.specification.name" value="Java Virtual Machine Specification"/>
    <property name="sun.os.patch.level" value=""/>
    <property name="native.encoding" value="Cp1252"/>
    <property name="java.library.path" value="C:\Program Files\Java\jdk-18.0.2.1\bin;C:\WINDOWS\Sun\Java\bin;C:\WINDOWS\system32;C:\WINDOWS;C:\oraclexe\app\oracle\product\11.2.0\server\bin;C:\Program Files\Common Files\Oracle\Java\javapath;C:\WINDOWS\system32;C:\WINDOWS;C:\WINDOWS\System32\Wbem;C:\WINDOWS\System32\WindowsPowerShell\v1.0\;C:\WINDOWS\System32\OpenSSH\;D:\;C:\ProgramData\chocolatey\bin;C:\Program Files\PostgreSQL\17\bin;D:\AMRITA ASSIGNMENT\OpenSSL-Win64\bin;C:\Program Files\dotnet\;C:\Program Files\Git\cmd;C:\Program Files\Git\mingw64\bin;C:\Program Files\Git\usr\bin;C:\Program Files\apache-maven-3.9.10\bin;C:\Users\sujat\AppData\Local\Programs\Python\Python311\Scripts\;C:\Users\sujat\AppData\Local\Programs\Python\Python311\;C:\Users\sujat\AppData\Local\Programs\Python\Python312\Scripts\;C:\Users\sujat\AppData\Local\Programs\Python\Python312\;C:\Users\sujat\AppData\Local\Microsoft\WindowsApps;C:\Program Files\Java\jdk-18.0.2.1\bin;C:\Users\sujat\AppData\Local\Programs\Microsoft VS Code\bin;C:\MinGW\bin;C:\Users\sujat\PyCharm 2024.2\bin;;C:\Users\sujat\AppData\Roaming\npm;;."/>
    <property name="java.vm.info" value="mixed mode, sharing"/>
    <property name="java.vendor" value="Oracle Corporation"/>
    <property name="java.vm.version" value="18.0.2.1+1-1"/>
    <property name="sun.io.unicode.encoding" value="UnicodeLittle"/>
    <property name="java.class.version" value="62.0"/>
  </properties>
  <testcase name="testAdd" classname="com.example.CalculatorTest" time="0.016">
    <system-out><![CDATA[Setup completed.
Teardown executed.
]]></system-out>
  </testcase>
  <testcase name="testMultiply" classname="com.example.CalculatorTest" time="0.003">
    <system-out><![CDATA[Setup completed.
Teardown executed.
]]></system-out>
  </testcase>
  <testcase name="testAssertions" classname="com.example.CalculatorTest" time="0.003">
    <system-out><![CDATA[Setup completed.
Teardown executed.
]]></system-out>
  </testcase>
</testsuite>